<?xml version="1.0" encoding="UTF-8"?>
<!-- Generated by org.testng.reporters.JUnitReportReporter -->
<testsuite skipped="0" hostname="DESKTOP-LMAQN76" name="pageTest.LoginPageTest" tests="2" failures="0" timestamp="22 Apr 2018 12:20:42 GMT" time="37.355" errors="0">
  <testcase name="validateLoginPageTest" time="18.008" classname="pageTest.LoginPageTest"/>
  <testcase name="loginTest" time="19.347" classname="pageTest.LoginPageTest"/>
</testsuite> <!-- pageTest.LoginPageTest -->
