<?xml version="1.0" encoding="UTF-8"?>
<!-- Generated by org.testng.reporters.JUnitReportReporter -->
<testsuite skipped="0" hostname="DESKTOP-LMAQN76" name="pageTest.WelcomePageTest" tests="2" failures="0" timestamp="22 Apr 2018 12:20:42 GMT" time="57.832" errors="0">
  <testcase name="validateUserLogoTest" time="27.603" classname="pageTest.WelcomePageTest"/>
  <testcase name="searchHotelTest" time="30.229" classname="pageTest.WelcomePageTest"/>
</testsuite> <!-- pageTest.WelcomePageTest -->
