<?xml version="1.0" encoding="UTF-8"?>
<!-- Generated by org.testng.reporters.JUnitReportReporter -->
<testsuite skipped="0" hostname="DESKTOP-LMAQN76" name="pageTest.SearchHotelPageTest" tests="2" failures="0" timestamp="22 Apr 2018 12:20:42 GMT" time="79.541" errors="0">
  <testcase name="searchForReasultTest" time="38.322" classname="pageTest.SearchHotelPageTest"/>
  <testcase name="selectHotelTest" time="41.219" classname="pageTest.SearchHotelPageTest"/>
</testsuite> <!-- pageTest.SearchHotelPageTest -->
